Determining if the pthread_create exist failed with the following output:
Change Dir: /home/workspace/catkin_ws/build/CMakeFiles/CMakeTmp

Run Build Command:"/usr/bin/make" "cmTC_ec90c/fast"
/usr/bin/make -f CMakeFiles/cmTC_ec90c.dir/build.make CMakeFiles/cmTC_ec90c.dir/build
make[1]: Entering directory '/home/workspace/catkin_ws/build/CMakeFiles/CMakeTmp'
Building C object CMakeFiles/cmTC_ec90c.dir/CheckSymbolExists.c.o
/usr/bin/cc     -o CMakeFiles/cmTC_ec90c.dir/CheckSymbolExists.c.o   -c /home/workspace/catkin_ws/build/CMakeFiles/CMakeTmp/CheckSymbolExists.c
Linking C executable cmTC_ec90c
/usr/bin/cmake -E cmake_link_script CMakeFiles/cmTC_ec90c.dir/link.txt --verbose=1
/usr/bin/cc       CMakeFiles/cmTC_ec90c.dir/CheckSymbolExists.c.o  -o cmTC_ec90c -rdynamic 
CMakeFiles/cmTC_ec90c.dir/CheckSymbolExists.c.o: In function `main':
CheckSymbolExists.c:(.text+0x16): undefined reference to `pthread_create'
collect2: error: ld returned 1 exit status
CMakeFiles/cmTC_ec90c.dir/build.make:97: recipe for target 'cmTC_ec90c' failed
make[1]: *** [cmTC_ec90c] Error 1
make[1]: Leaving directory '/home/workspace/catkin_ws/build/CMakeFiles/CMakeTmp'
Makefile:126: recipe for target 'cmTC_ec90c/fast' failed
make: *** [cmTC_ec90c/fast] Error 2

File /home/workspace/catkin_ws/build/CMakeFiles/CMakeTmp/CheckSymbolExists.c:
/* */
#include <pthread.h>

int main(int argc, char** argv)
{
  (void)argv;
#ifndef pthread_create
  return ((int*)(&pthread_create))[argc];
#else
  (void)argc;
  return 0;
#endif
}

Determining if the function pthread_create exists in the pthreads failed with the following output:
Change Dir: /home/workspace/catkin_ws/build/CMakeFiles/CMakeTmp

Run Build Command:"/usr/bin/make" "cmTC_002da/fast"
/usr/bin/make -f CMakeFiles/cmTC_002da.dir/build.make CMakeFiles/cmTC_002da.dir/build
make[1]: Entering directory '/home/workspace/catkin_ws/build/CMakeFiles/CMakeTmp'
Building C object CMakeFiles/cmTC_002da.dir/CheckFunctionExists.c.o
/usr/bin/cc    -DCHECK_FUNCTION_EXISTS=pthread_create   -o CMakeFiles/cmTC_002da.dir/CheckFunctionExists.c.o   -c /usr/share/cmake-3.5/Modules/CheckFunctionExists.c
Linking C executable cmTC_002da
/usr/bin/cmake -E cmake_link_script CMakeFiles/cmTC_002da.dir/link.txt --verbose=1
/usr/bin/cc   -DCHECK_FUNCTION_EXISTS=pthread_create    CMakeFiles/cmTC_002da.dir/CheckFunctionExists.c.o  -o cmTC_002da -rdynamic -lpthreads 
/usr/bin/ld: cannot find -lpthreads
collect2: error: ld returned 1 exit status
CMakeFiles/cmTC_002da.dir/build.make:97: recipe for target 'cmTC_002da' failed
make[1]: *** [cmTC_002da] Error 1
make[1]: Leaving directory '/home/workspace/catkin_ws/build/CMakeFiles/CMakeTmp'
Makefile:126: recipe for target 'cmTC_002da/fast' failed
make: *** [cmTC_002da/fast] Error 2


